<?xml version="1.0" encoding="UTF-8"?>
<!-- Generated by org.testng.reporters.JUnitXMLReporter -->
<testsuite hostname="liana-pc" ignored="0" name="Test2" tests="10" failures="0" timestamp="18 Apr 2017 06:59:55 GMT" time="63.873" errors="0">
  <testcase name="validateAddWorks" time="7.084" classname="Test.HBBusinessTest.HBBusinessPageTest"/>
  <testcase name="validateEditPageOpened" time="6.177" classname="Test.HBBusinessTest.HBBusinessPageTest"/>
  <testcase name="validateNoWrongInputsAdd" time="4.852" classname="Test.HBBusinessTest.HBBusinessPageTest"/>
  <testcase name="validateNoWrongInputsAdd" time="4.917" classname="Test.HBBusinessTest.HBBusinessPageTest"/>
  <testcase name="validateNoWrongInputsAdd" time="4.493" classname="Test.HBBusinessTest.HBBusinessPageTest"/>
  <testcase name="validateNoWrongInputsAdd" time="4.903" classname="Test.HBBusinessTest.HBBusinessPageTest"/>
  <testcase name="validateOpenWorks" time="2.285" classname="Test.HBBusinessTest.HBBusinessPageTest"/>
  <testcase name="validateRightPageOpened" time="1.488" classname="Test.HBBusinessTest.HBBusinessPageTest"/>
  <testcase name="validateSearchWorks" time="1.037" classname="Test.HBBusinessTest.HBBusinessPageTest"/>
  <testcase name="validateDeleteWorks" time="3.215" classname="Test.HBBusinessTest.HBBusinessPageTest"/>
</testsuite> <!-- Test2 -->
