<?xml version="1.0" encoding="UTF-8"?>
<!-- Generated by org.testng.reporters.JUnitXMLReporter -->
<testsuite hostname="liana-pc" ignored="0" name="Test4" tests="5" failures="0" timestamp="05 May 2017 18:07:54 GMT" time="20.25" errors="0">
  <testcase name="validateFieldCheckIsDone" time="1.496" classname="Test.LoginTest.LoginPageTest"/>
  <testcase name="validateFieldCheckIsDone" time="1.422" classname="Test.LoginTest.LoginPageTest"/>
  <testcase name="validateFieldCheckIsDone" time="1.648" classname="Test.LoginTest.LoginPageTest"/>
  <testcase name="validateFieldCheckIsDone" time="1.549" classname="Test.LoginTest.LoginPageTest"/>
  <testcase name="validateLoginWorks" time="2.189" classname="Test.LoginTest.LoginPageTest"/>
</testsuite> <!-- Test4 -->
