<?xml version="1.0" encoding="UTF-8"?>
<testsuite xmlns:xsi="http://www.w3.org/2001/XMLSchema-instance" xsi:schemaLocation="https://maven.apache.org/surefire/maven-surefire-plugin/xsd/surefire-test-report.xsd" name="TestSuite" time="2.158" tests="25" errors="0" skipped="6" failures="19">
  <properties>
[...]
</properties>
  <testcase name="beforeMethod" classname="Test.FirstPage.FirstPageTest" time="1.458">
    <failure message="no such session&#10;  (Driver info: OperaDriver=2.27 (f61056e560d197467fd6d27c7fbd7fea572fe8bd),platform=Linux 4.8.0-49-generic x86_64) (WARNING: The server did not provide any stacktrace information)&#10;Command duration or timeout: 19 milliseconds&#10;Build info: version: &apos;3.3.1&apos;, revision: &apos;5234b325d5&apos;, time: &apos;2017-03-10 09:10:29 +0000&apos;&#10;System info: host: &apos;liana-pc&apos;, ip: &apos;127.0.1.1&apos;, os.name: &apos;Linux&apos;, os.arch: &apos;amd64&apos;, os.version: &apos;4.8.0-49-generic&apos;, java.version: &apos;1.8.0_121&apos;&#10;Driver info: org.openqa.selenium.opera.OperaDriver&#10;Capabilities [{message=unknown error: cannot find Opera binary&#10;  (Driver info: OperaDriver=2.27 (f61056e560d197467fd6d27c7fbd7fea572fe8bd),platform=Linux 4.8.0-49-generic x86_64), platform=ANY}]&#10;Session ID: df8495f8d5a5281fe3d2cefd9cb5ed7c" type="org.openqa.selenium.NoSuchSessionException">org.openqa.selenium.NoSuchSessionException: 
no such session
  (Driver info: OperaDriver=2.27 (f61056e560d197467fd6d27c7fbd7fea572fe8bd),platform=Linux 4.8.0-49-generic x86_64) (WARNING: The server did not provide any stacktrace information)
Command duration or timeout: 19 milliseconds
Build info: version: '3.3.1', revision: '5234b325d5', time: '2017-03-10 09:10:29 +0000'
System info: host: 'liana-pc', ip: '127.0.1.1', os.name: 'Linux', os.arch: 'amd64', os.version: '4.8.0-49-generic', java.version: '1.8.0_121'
Driver info: org.openqa.selenium.opera.OperaDriver
Capabilities [{message=unknown error: cannot find Opera binary
  (Driver info: OperaDriver=2.27 (f61056e560d197467fd6d27c7fbd7fea572fe8bd),platform=Linux 4.8.0-49-generic x86_64), platform=ANY}]
Session ID: df8495f8d5a5281fe3d2cefd9cb5ed7c
	at Test.FirstPage.FirstPageTest.initializeMembers(FirstPageTest.java:37)
	at Test.FirstPage.FirstPageTest.beforeMethod(FirstPageTest.java:24)
</failure>
    <system-out><![CDATA[...
... TestNG 6.11 by Cédric Beust (cedric@beust.com)
...

]]></system-out>
    <system-err><![CDATA[Starting OperaDriver 2.27 (f61056e560d197467fd6d27c7fbd7fea572fe8bd) on port 17758
Only local connections are allowed.
May 05, 2017 5:22:58 PM org.openqa.selenium.remote.ProtocolHandshake createSession
INFO: Detected dialect: OSS
]]></system-err>
  </testcase>
  <testcase name="checkTitle" classname="Test.FirstPage.FirstPageTest" time="0">
    <skipped message="no such session&#10;  (Driver info: OperaDriver=2.27 (f61056e560d197467fd6d27c7fbd7fea572fe8bd),platform=Linux 4.8.0-49-generic x86_64) (WARNING: The server did not provide any stacktrace information)&#10;Command duration or timeout: 19 milliseconds&#10;Build info: version: &apos;3.3.1&apos;, revision: &apos;5234b325d5&apos;, time: &apos;2017-03-10 09:10:29 +0000&apos;&#10;System info: host: &apos;liana-pc&apos;, ip: &apos;127.0.1.1&apos;, os.name: &apos;Linux&apos;, os.arch: &apos;amd64&apos;, os.version: &apos;4.8.0-49-generic&apos;, java.version: &apos;1.8.0_121&apos;&#10;Driver info: org.openqa.selenium.opera.OperaDriver&#10;Capabilities [{message=unknown error: cannot find Opera binary&#10;  (Driver info: OperaDriver=2.27 (f61056e560d197467fd6d27c7fbd7fea572fe8bd),platform=Linux 4.8.0-49-generic x86_64), platform=ANY}]&#10;Session ID: df8495f8d5a5281fe3d2cefd9cb5ed7c"/>
  </testcase>
  <testcase name="validateCorrectPage" classname="Test.FirstPage.FirstPageTest" time="0.03">
    <failure message="expected [true] but found [false]" type="java.lang.AssertionError">java.lang.AssertionError: expected [true] but found [false]
	at Test.FirstPage.FirstPageTest.validateCorrectPage(FirstPageTest.java:48)
</failure>
    <system-err><![CDATA[org.openqa.selenium.NoSuchSessionException: no such session
  (Driver info: OperaDriver=2.27 (f61056e560d197467fd6d27c7fbd7fea572fe8bd),platform=Linux 4.8.0-49-generic x86_64) (WARNING: The server did not provide any stacktrace information)
Command duration or timeout: 9 milliseconds
Build info: version: '3.3.1', revision: '5234b325d5', time: '2017-03-10 09:10:29 +0000'
System info: host: 'liana-pc', ip: '127.0.1.1', os.name: 'Linux', os.arch: 'amd64', os.version: '4.8.0-49-generic', java.version: '1.8.0_121'
Driver info: org.openqa.selenium.opera.OperaDriver
Capabilities [{message=unknown error: cannot find Opera binary
  (Driver info: OperaDriver=2.27 (f61056e560d197467fd6d27c7fbd7fea572fe8bd),platform=Linux 4.8.0-49-generic x86_64), platform=ANY}]
Session ID: df8495f8d5a5281fe3d2cefd9cb5ed7c
*** Element info: {Using=xpath, value=//button[@class='btn redBtn btn-block p-x-md']}
	at sun.reflect.NativeConstructorAccessorImpl.newInstance0(Native Method)
	at sun.reflect.NativeConstructorAccessorImpl.newInstance(NativeConstructorAccessorImpl.java:62)
	at sun.reflect.DelegatingConstructorAccessorImpl.newInstance(DelegatingConstructorAccessorImpl.java:45)
	at java.lang.reflect.Constructor.newInstance(Constructor.java:423)
	at org.openqa.selenium.remote.ErrorHandler.createThrowable(ErrorHandler.java:216)
	at org.openqa.selenium.remote.ErrorHandler.throwIfResponseFailed(ErrorHandler.java:168)
	at org.openqa.selenium.remote.RemoteWebDriver.execute(RemoteWebDriver.java:638)
	at org.openqa.selenium.remote.RemoteWebDriver.findElement(RemoteWebDriver.java:371)
	at org.openqa.selenium.remote.RemoteWebDriver.findElementByXPath(RemoteWebDriver.java:476)
	at org.openqa.selenium.By$ByXPath.findElement(By.java:361)
	at org.openqa.selenium.remote.RemoteWebDriver.findElement(RemoteWebDriver.java:363)
	at org.openqa.selenium.support.pagefactory.DefaultElementLocator.findElement(DefaultElementLocator.java:69)
	at org.openqa.selenium.support.pagefactory.internal.LocatingElementHandler.invoke(LocatingElementHandler.java:38)
	at com.sun.proxy.$Proxy7.isDisplayed(Unknown Source)
	at org.openqa.selenium.support.ui.ExpectedConditions.elementIfVisible(ExpectedConditions.java:302)
	at org.openqa.selenium.support.ui.ExpectedConditions.access$100(ExpectedConditions.java:44)
	at org.openqa.selenium.support.ui.ExpectedConditions$10.apply(ExpectedConditions.java:288)
	at org.openqa.selenium.support.ui.ExpectedConditions$10.apply(ExpectedConditions.java:285)
	at org.openqa.selenium.support.ui.FluentWait.until(FluentWait.java:209)
	at Pages.State.isElementPresent(State.java:20)
	at Pages.Login.LoginPage.isVisible(LoginPage.java:67)
	at Test.FirstPage.FirstPageTest.validateCorrectPage(FirstPageTest.java:48)
	at sun.reflect.NativeMethodAccessorImpl.invoke0(Native Method)
	at sun.reflect.NativeMethodAccessorImpl.invoke(NativeMethodAccessorImpl.java:62)
	at sun.reflect.DelegatingMethodAccessorImpl.invoke(DelegatingMethodAccessorImpl.java:43)
	at java.lang.reflect.Method.invoke(Method.java:498)
	at org.testng.internal.MethodInvocationHelper.invokeMethod(MethodInvocationHelper.java:108)
	at org.testng.internal.Invoker.invokeMethod(Invoker.java:661)
	at org.testng.internal.Invoker.invokeTestMethod(Invoker.java:869)
	at org.testng.internal.Invoker.invokeTestMethods(Invoker.java:1193)
	at org.testng.internal.TestMethodWorker.invokeTestMethods(TestMethodWorker.java:126)
	at org.testng.internal.TestMethodWorker.run(TestMethodWorker.java:109)
	at org.testng.TestRunner.privateRun(TestRunner.java:744)
	at org.testng.TestRunner.run(TestRunner.java:602)
	at org.testng.SuiteRunner.runTest(SuiteRunner.java:380)
	at org.testng.SuiteRunner.runSequentially(SuiteRunner.java:375)
	at org.testng.SuiteRunner.privateRun(SuiteRunner.java:340)
	at org.testng.SuiteRunner.run(SuiteRunner.java:289)
	at org.testng.SuiteRunnerWorker.runSuite(SuiteRunnerWorker.java:52)
	at org.testng.SuiteRunnerWorker.run(SuiteRunnerWorker.java:86)
	at org.testng.TestNG.runSuitesSequentially(TestNG.java:1301)
	at org.testng.TestNG.runSuitesLocally(TestNG.java:1226)
	at org.testng.TestNG.runSuites(TestNG.java:1144)
	at org.testng.TestNG.run(TestNG.java:1115)
	at org.apache.maven.surefire.testng.TestNGExecutor.run(TestNGExecutor.java:281)
	at org.apache.maven.surefire.testng.TestNGXmlTestSuite.execute(TestNGXmlTestSuite.java:75)
	at org.apache.maven.surefire.testng.TestNGProvider.invoke(TestNGProvider.java:121)
	at org.apache.maven.surefire.booter.ForkedBooter.invokeProviderInSameClassLoader(ForkedBooter.java:290)
	at org.apache.maven.surefire.booter.ForkedBooter.runSuitesInProcess(ForkedBooter.java:242)
	at org.apache.maven.surefire.booter.ForkedBooter.main(ForkedBooter.java:121)
]]></system-err>
  </testcase>
  <testcase name="cleanUp" classname="Test.FirstPage.FirstPageTest" time="0.044">
    <failure message="no such session&#10;  (Driver info: OperaDriver=2.27 (f61056e560d197467fd6d27c7fbd7fea572fe8bd),platform=Linux 4.8.0-49-generic x86_64) (WARNING: The server did not provide any stacktrace information)&#10;Command duration or timeout: 12 milliseconds&#10;Build info: version: &apos;3.3.1&apos;, revision: &apos;5234b325d5&apos;, time: &apos;2017-03-10 09:10:29 +0000&apos;&#10;System info: host: &apos;liana-pc&apos;, ip: &apos;127.0.1.1&apos;, os.name: &apos;Linux&apos;, os.arch: &apos;amd64&apos;, os.version: &apos;4.8.0-49-generic&apos;, java.version: &apos;1.8.0_121&apos;&#10;Driver info: org.openqa.selenium.opera.OperaDriver&#10;Capabilities [{message=unknown error: cannot find Opera binary&#10;  (Driver info: OperaDriver=2.27 (f61056e560d197467fd6d27c7fbd7fea572fe8bd),platform=Linux 4.8.0-49-generic x86_64), platform=ANY}]&#10;Session ID: df8495f8d5a5281fe3d2cefd9cb5ed7c" type="org.openqa.selenium.NoSuchSessionException">org.openqa.selenium.NoSuchSessionException: 
no such session
  (Driver info: OperaDriver=2.27 (f61056e560d197467fd6d27c7fbd7fea572fe8bd),platform=Linux 4.8.0-49-generic x86_64) (WARNING: The server did not provide any stacktrace information)
Command duration or timeout: 12 milliseconds
Build info: version: '3.3.1', revision: '5234b325d5', time: '2017-03-10 09:10:29 +0000'
System info: host: 'liana-pc', ip: '127.0.1.1', os.name: 'Linux', os.arch: 'amd64', os.version: '4.8.0-49-generic', java.version: '1.8.0_121'
Driver info: org.openqa.selenium.opera.OperaDriver
Capabilities [{message=unknown error: cannot find Opera binary
  (Driver info: OperaDriver=2.27 (f61056e560d197467fd6d27c7fbd7fea572fe8bd),platform=Linux 4.8.0-49-generic x86_64), platform=ANY}]
Session ID: df8495f8d5a5281fe3d2cefd9cb5ed7c
	at Test.FirstPage.FirstPageTest.cleanUp(FirstPageTest.java:28)
</failure>
  </testcase>
  <testcase name="start" classname="Test.HomePage.HomePageTest" time="0.086">
    <failure message="no such session&#10;  (Driver info: OperaDriver=2.27 (f61056e560d197467fd6d27c7fbd7fea572fe8bd),platform=Linux 4.8.0-49-generic x86_64) (WARNING: The server did not provide any stacktrace information)&#10;Command duration or timeout: 12 milliseconds&#10;Build info: version: &apos;3.3.1&apos;, revision: &apos;5234b325d5&apos;, time: &apos;2017-03-10 09:10:29 +0000&apos;&#10;System info: host: &apos;liana-pc&apos;, ip: &apos;127.0.1.1&apos;, os.name: &apos;Linux&apos;, os.arch: &apos;amd64&apos;, os.version: &apos;4.8.0-49-generic&apos;, java.version: &apos;1.8.0_121&apos;&#10;Driver info: org.openqa.selenium.opera.OperaDriver&#10;Capabilities [{message=unknown error: cannot find Opera binary&#10;  (Driver info: OperaDriver=2.27 (f61056e560d197467fd6d27c7fbd7fea572fe8bd),platform=Linux 4.8.0-49-generic x86_64), platform=ANY}]&#10;Session ID: df8495f8d5a5281fe3d2cefd9cb5ed7c&#10;*** Element info: {Using=xpath, value=//input[@name=&apos;email&apos;]}" type="org.openqa.selenium.NoSuchSessionException">org.openqa.selenium.NoSuchSessionException: 
no such session
  (Driver info: OperaDriver=2.27 (f61056e560d197467fd6d27c7fbd7fea572fe8bd),platform=Linux 4.8.0-49-generic x86_64) (WARNING: The server did not provide any stacktrace information)
Command duration or timeout: 12 milliseconds
Build info: version: '3.3.1', revision: '5234b325d5', time: '2017-03-10 09:10:29 +0000'
System info: host: 'liana-pc', ip: '127.0.1.1', os.name: 'Linux', os.arch: 'amd64', os.version: '4.8.0-49-generic', java.version: '1.8.0_121'
Driver info: org.openqa.selenium.opera.OperaDriver
Capabilities [{message=unknown error: cannot find Opera binary
  (Driver info: OperaDriver=2.27 (f61056e560d197467fd6d27c7fbd7fea572fe8bd),platform=Linux 4.8.0-49-generic x86_64), platform=ANY}]
Session ID: df8495f8d5a5281fe3d2cefd9cb5ed7c
*** Element info: {Using=xpath, value=//input[@name='email']}
	at Test.HomePage.HomePageTest.openPage(HomePageTest.java:27)
</failure>
  </testcase>
  <testcase name="start" classname="Test.HomePage.HomePageTest" time="0.105">
    <failure message="no such session&#10;  (Driver info: OperaDriver=2.27 (f61056e560d197467fd6d27c7fbd7fea572fe8bd),platform=Linux 4.8.0-49-generic x86_64) (WARNING: The server did not provide any stacktrace information)&#10;Command duration or timeout: 12 milliseconds&#10;Build info: version: &apos;3.3.1&apos;, revision: &apos;5234b325d5&apos;, time: &apos;2017-03-10 09:10:29 +0000&apos;&#10;System info: host: &apos;liana-pc&apos;, ip: &apos;127.0.1.1&apos;, os.name: &apos;Linux&apos;, os.arch: &apos;amd64&apos;, os.version: &apos;4.8.0-49-generic&apos;, java.version: &apos;1.8.0_121&apos;&#10;Driver info: org.openqa.selenium.opera.OperaDriver&#10;Capabilities [{message=unknown error: cannot find Opera binary&#10;  (Driver info: OperaDriver=2.27 (f61056e560d197467fd6d27c7fbd7fea572fe8bd),platform=Linux 4.8.0-49-generic x86_64), platform=ANY}]&#10;Session ID: df8495f8d5a5281fe3d2cefd9cb5ed7c&#10;*** Element info: {Using=xpath, value=//input[@name=&apos;email&apos;]}" type="org.openqa.selenium.NoSuchSessionException">org.openqa.selenium.NoSuchSessionException: 
no such session
  (Driver info: OperaDriver=2.27 (f61056e560d197467fd6d27c7fbd7fea572fe8bd),platform=Linux 4.8.0-49-generic x86_64) (WARNING: The server did not provide any stacktrace information)
Command duration or timeout: 12 milliseconds
Build info: version: '3.3.1', revision: '5234b325d5', time: '2017-03-10 09:10:29 +0000'
System info: host: 'liana-pc', ip: '127.0.1.1', os.name: 'Linux', os.arch: 'amd64', os.version: '4.8.0-49-generic', java.version: '1.8.0_121'
Driver info: org.openqa.selenium.opera.OperaDriver
Capabilities [{message=unknown error: cannot find Opera binary
  (Driver info: OperaDriver=2.27 (f61056e560d197467fd6d27c7fbd7fea572fe8bd),platform=Linux 4.8.0-49-generic x86_64), platform=ANY}]
Session ID: df8495f8d5a5281fe3d2cefd9cb5ed7c
*** Element info: {Using=xpath, value=//input[@name='email']}
	at Test.HomePage.HomePageTest.openPage(HomePageTest.java:27)
</failure>
  </testcase>
  <testcase name="start" classname="Test.HomePage.HomePageTest" time="0.123">
    <failure message="no such session&#10;  (Driver info: OperaDriver=2.27 (f61056e560d197467fd6d27c7fbd7fea572fe8bd),platform=Linux 4.8.0-49-generic x86_64) (WARNING: The server did not provide any stacktrace information)&#10;Command duration or timeout: 12 milliseconds&#10;Build info: version: &apos;3.3.1&apos;, revision: &apos;5234b325d5&apos;, time: &apos;2017-03-10 09:10:29 +0000&apos;&#10;System info: host: &apos;liana-pc&apos;, ip: &apos;127.0.1.1&apos;, os.name: &apos;Linux&apos;, os.arch: &apos;amd64&apos;, os.version: &apos;4.8.0-49-generic&apos;, java.version: &apos;1.8.0_121&apos;&#10;Driver info: org.openqa.selenium.opera.OperaDriver&#10;Capabilities [{message=unknown error: cannot find Opera binary&#10;  (Driver info: OperaDriver=2.27 (f61056e560d197467fd6d27c7fbd7fea572fe8bd),platform=Linux 4.8.0-49-generic x86_64), platform=ANY}]&#10;Session ID: df8495f8d5a5281fe3d2cefd9cb5ed7c&#10;*** Element info: {Using=xpath, value=//input[@name=&apos;email&apos;]}" type="org.openqa.selenium.NoSuchSessionException">org.openqa.selenium.NoSuchSessionException: 
no such session
  (Driver info: OperaDriver=2.27 (f61056e560d197467fd6d27c7fbd7fea572fe8bd),platform=Linux 4.8.0-49-generic x86_64) (WARNING: The server did not provide any stacktrace information)
Command duration or timeout: 12 milliseconds
Build info: version: '3.3.1', revision: '5234b325d5', time: '2017-03-10 09:10:29 +0000'
System info: host: 'liana-pc', ip: '127.0.1.1', os.name: 'Linux', os.arch: 'amd64', os.version: '4.8.0-49-generic', java.version: '1.8.0_121'
Driver info: org.openqa.selenium.opera.OperaDriver
Capabilities [{message=unknown error: cannot find Opera binary
  (Driver info: OperaDriver=2.27 (f61056e560d197467fd6d27c7fbd7fea572fe8bd),platform=Linux 4.8.0-49-generic x86_64), platform=ANY}]
Session ID: df8495f8d5a5281fe3d2cefd9cb5ed7c
*** Element info: {Using=xpath, value=//input[@name='email']}
	at Test.HomePage.HomePageTest.openPage(HomePageTest.java:27)
</failure>
  </testcase>
  <testcase name="start" classname="Test.HomePage.HomePageTest" time="0.143">
    <failure message="no such session&#10;  (Driver info: OperaDriver=2.27 (f61056e560d197467fd6d27c7fbd7fea572fe8bd),platform=Linux 4.8.0-49-generic x86_64) (WARNING: The server did not provide any stacktrace information)&#10;Command duration or timeout: 13 milliseconds&#10;Build info: version: &apos;3.3.1&apos;, revision: &apos;5234b325d5&apos;, time: &apos;2017-03-10 09:10:29 +0000&apos;&#10;System info: host: &apos;liana-pc&apos;, ip: &apos;127.0.1.1&apos;, os.name: &apos;Linux&apos;, os.arch: &apos;amd64&apos;, os.version: &apos;4.8.0-49-generic&apos;, java.version: &apos;1.8.0_121&apos;&#10;Driver info: org.openqa.selenium.opera.OperaDriver&#10;Capabilities [{message=unknown error: cannot find Opera binary&#10;  (Driver info: OperaDriver=2.27 (f61056e560d197467fd6d27c7fbd7fea572fe8bd),platform=Linux 4.8.0-49-generic x86_64), platform=ANY}]&#10;Session ID: df8495f8d5a5281fe3d2cefd9cb5ed7c&#10;*** Element info: {Using=xpath, value=//input[@name=&apos;email&apos;]}" type="org.openqa.selenium.NoSuchSessionException">org.openqa.selenium.NoSuchSessionException: 
no such session
  (Driver info: OperaDriver=2.27 (f61056e560d197467fd6d27c7fbd7fea572fe8bd),platform=Linux 4.8.0-49-generic x86_64) (WARNING: The server did not provide any stacktrace information)
Command duration or timeout: 13 milliseconds
Build info: version: '3.3.1', revision: '5234b325d5', time: '2017-03-10 09:10:29 +0000'
System info: host: 'liana-pc', ip: '127.0.1.1', os.name: 'Linux', os.arch: 'amd64', os.version: '4.8.0-49-generic', java.version: '1.8.0_121'
Driver info: org.openqa.selenium.opera.OperaDriver
Capabilities [{message=unknown error: cannot find Opera binary
  (Driver info: OperaDriver=2.27 (f61056e560d197467fd6d27c7fbd7fea572fe8bd),platform=Linux 4.8.0-49-generic x86_64), platform=ANY}]
Session ID: df8495f8d5a5281fe3d2cefd9cb5ed7c
*** Element info: {Using=xpath, value=//input[@name='email']}
	at Test.HomePage.HomePageTest.openPage(HomePageTest.java:27)
</failure>
  </testcase>
  <testcase name="start" classname="Test.HomePage.HomePageTest" time="0.17">
    <failure message="no such session&#10;  (Driver info: OperaDriver=2.27 (f61056e560d197467fd6d27c7fbd7fea572fe8bd),platform=Linux 4.8.0-49-generic x86_64) (WARNING: The server did not provide any stacktrace information)&#10;Command duration or timeout: 13 milliseconds&#10;Build info: version: &apos;3.3.1&apos;, revision: &apos;5234b325d5&apos;, time: &apos;2017-03-10 09:10:29 +0000&apos;&#10;System info: host: &apos;liana-pc&apos;, ip: &apos;127.0.1.1&apos;, os.name: &apos;Linux&apos;, os.arch: &apos;amd64&apos;, os.version: &apos;4.8.0-49-generic&apos;, java.version: &apos;1.8.0_121&apos;&#10;Driver info: org.openqa.selenium.opera.OperaDriver&#10;Capabilities [{message=unknown error: cannot find Opera binary&#10;  (Driver info: OperaDriver=2.27 (f61056e560d197467fd6d27c7fbd7fea572fe8bd),platform=Linux 4.8.0-49-generic x86_64), platform=ANY}]&#10;Session ID: df8495f8d5a5281fe3d2cefd9cb5ed7c&#10;*** Element info: {Using=xpath, value=//input[@name=&apos;email&apos;]}" type="org.openqa.selenium.NoSuchSessionException">org.openqa.selenium.NoSuchSessionException: 
no such session
  (Driver info: OperaDriver=2.27 (f61056e560d197467fd6d27c7fbd7fea572fe8bd),platform=Linux 4.8.0-49-generic x86_64) (WARNING: The server did not provide any stacktrace information)
Command duration or timeout: 13 milliseconds
Build info: version: '3.3.1', revision: '5234b325d5', time: '2017-03-10 09:10:29 +0000'
System info: host: 'liana-pc', ip: '127.0.1.1', os.name: 'Linux', os.arch: 'amd64', os.version: '4.8.0-49-generic', java.version: '1.8.0_121'
Driver info: org.openqa.selenium.opera.OperaDriver
Capabilities [{message=unknown error: cannot find Opera binary
  (Driver info: OperaDriver=2.27 (f61056e560d197467fd6d27c7fbd7fea572fe8bd),platform=Linux 4.8.0-49-generic x86_64), platform=ANY}]
Session ID: df8495f8d5a5281fe3d2cefd9cb5ed7c
*** Element info: {Using=xpath, value=//input[@name='email']}
	at Test.HomePage.HomePageTest.openPage(HomePageTest.java:27)
</failure>
  </testcase>
  <testcase name="openCategoryPage" classname="Test.HomePage.HomePageTest" time="0">
    <skipped message="no such session&#10;  (Driver info: OperaDriver=2.27 (f61056e560d197467fd6d27c7fbd7fea572fe8bd),platform=Linux 4.8.0-49-generic x86_64) (WARNING: The server did not provide any stacktrace information)&#10;Command duration or timeout: 12 milliseconds&#10;Build info: version: &apos;3.3.1&apos;, revision: &apos;5234b325d5&apos;, time: &apos;2017-03-10 09:10:29 +0000&apos;&#10;System info: host: &apos;liana-pc&apos;, ip: &apos;127.0.1.1&apos;, os.name: &apos;Linux&apos;, os.arch: &apos;amd64&apos;, os.version: &apos;4.8.0-49-generic&apos;, java.version: &apos;1.8.0_121&apos;&#10;Driver info: org.openqa.selenium.opera.OperaDriver&#10;Capabilities [{message=unknown error: cannot find Opera binary&#10;  (Driver info: OperaDriver=2.27 (f61056e560d197467fd6d27c7fbd7fea572fe8bd),platform=Linux 4.8.0-49-generic x86_64), platform=ANY}]&#10;Session ID: df8495f8d5a5281fe3d2cefd9cb5ed7c&#10;*** Element info: {Using=xpath, value=//input[@name=&apos;email&apos;]}"/>
  </testcase>
  <testcase name="openHBBusinessPage" classname="Test.HomePage.HomePageTest" time="0">
    <skipped message="no such session&#10;  (Driver info: OperaDriver=2.27 (f61056e560d197467fd6d27c7fbd7fea572fe8bd),platform=Linux 4.8.0-49-generic x86_64) (WARNING: The server did not provide any stacktrace information)&#10;Command duration or timeout: 12 milliseconds&#10;Build info: version: &apos;3.3.1&apos;, revision: &apos;5234b325d5&apos;, time: &apos;2017-03-10 09:10:29 +0000&apos;&#10;System info: host: &apos;liana-pc&apos;, ip: &apos;127.0.1.1&apos;, os.name: &apos;Linux&apos;, os.arch: &apos;amd64&apos;, os.version: &apos;4.8.0-49-generic&apos;, java.version: &apos;1.8.0_121&apos;&#10;Driver info: org.openqa.selenium.opera.OperaDriver&#10;Capabilities [{message=unknown error: cannot find Opera binary&#10;  (Driver info: OperaDriver=2.27 (f61056e560d197467fd6d27c7fbd7fea572fe8bd),platform=Linux 4.8.0-49-generic x86_64), platform=ANY}]&#10;Session ID: df8495f8d5a5281fe3d2cefd9cb5ed7c&#10;*** Element info: {Using=xpath, value=//input[@name=&apos;email&apos;]}"/>
  </testcase>
  <testcase name="openJoinUsPage" classname="Test.HomePage.HomePageTest" time="0">
    <skipped message="no such session&#10;  (Driver info: OperaDriver=2.27 (f61056e560d197467fd6d27c7fbd7fea572fe8bd),platform=Linux 4.8.0-49-generic x86_64) (WARNING: The server did not provide any stacktrace information)&#10;Command duration or timeout: 12 milliseconds&#10;Build info: version: &apos;3.3.1&apos;, revision: &apos;5234b325d5&apos;, time: &apos;2017-03-10 09:10:29 +0000&apos;&#10;System info: host: &apos;liana-pc&apos;, ip: &apos;127.0.1.1&apos;, os.name: &apos;Linux&apos;, os.arch: &apos;amd64&apos;, os.version: &apos;4.8.0-49-generic&apos;, java.version: &apos;1.8.0_121&apos;&#10;Driver info: org.openqa.selenium.opera.OperaDriver&#10;Capabilities [{message=unknown error: cannot find Opera binary&#10;  (Driver info: OperaDriver=2.27 (f61056e560d197467fd6d27c7fbd7fea572fe8bd),platform=Linux 4.8.0-49-generic x86_64), platform=ANY}]&#10;Session ID: df8495f8d5a5281fe3d2cefd9cb5ed7c&#10;*** Element info: {Using=xpath, value=//input[@name=&apos;email&apos;]}"/>
  </testcase>
  <testcase name="openScratchAndWinPage" classname="Test.HomePage.HomePageTest" time="0">
    <skipped message="no such session&#10;  (Driver info: OperaDriver=2.27 (f61056e560d197467fd6d27c7fbd7fea572fe8bd),platform=Linux 4.8.0-49-generic x86_64) (WARNING: The server did not provide any stacktrace information)&#10;Command duration or timeout: 12 milliseconds&#10;Build info: version: &apos;3.3.1&apos;, revision: &apos;5234b325d5&apos;, time: &apos;2017-03-10 09:10:29 +0000&apos;&#10;System info: host: &apos;liana-pc&apos;, ip: &apos;127.0.1.1&apos;, os.name: &apos;Linux&apos;, os.arch: &apos;amd64&apos;, os.version: &apos;4.8.0-49-generic&apos;, java.version: &apos;1.8.0_121&apos;&#10;Driver info: org.openqa.selenium.opera.OperaDriver&#10;Capabilities [{message=unknown error: cannot find Opera binary&#10;  (Driver info: OperaDriver=2.27 (f61056e560d197467fd6d27c7fbd7fea572fe8bd),platform=Linux 4.8.0-49-generic x86_64), platform=ANY}]&#10;Session ID: df8495f8d5a5281fe3d2cefd9cb5ed7c&#10;*** Element info: {Using=xpath, value=//input[@name=&apos;email&apos;]}"/>
  </testcase>
  <testcase name="validateLogoutWorks" classname="Test.HomePage.HomePageTest" time="0">
    <skipped message="no such session&#10;  (Driver info: OperaDriver=2.27 (f61056e560d197467fd6d27c7fbd7fea572fe8bd),platform=Linux 4.8.0-49-generic x86_64) (WARNING: The server did not provide any stacktrace information)&#10;Command duration or timeout: 12 milliseconds&#10;Build info: version: &apos;3.3.1&apos;, revision: &apos;5234b325d5&apos;, time: &apos;2017-03-10 09:10:29 +0000&apos;&#10;System info: host: &apos;liana-pc&apos;, ip: &apos;127.0.1.1&apos;, os.name: &apos;Linux&apos;, os.arch: &apos;amd64&apos;, os.version: &apos;4.8.0-49-generic&apos;, java.version: &apos;1.8.0_121&apos;&#10;Driver info: org.openqa.selenium.opera.OperaDriver&#10;Capabilities [{message=unknown error: cannot find Opera binary&#10;  (Driver info: OperaDriver=2.27 (f61056e560d197467fd6d27c7fbd7fea572fe8bd),platform=Linux 4.8.0-49-generic x86_64), platform=ANY}]&#10;Session ID: df8495f8d5a5281fe3d2cefd9cb5ed7c&#10;*** Element info: {Using=xpath, value=//input[@name=&apos;email&apos;]}"/>
  </testcase>
  <testcase name="finish" classname="Test.FirstPage.FirstPageTest" time="0.185">
    <failure message="no such session&#10;  (Driver info: OperaDriver=2.27 (f61056e560d197467fd6d27c7fbd7fea572fe8bd),platform=Linux 4.8.0-49-generic x86_64) (WARNING: The server did not provide any stacktrace information)&#10;Command duration or timeout: 11 milliseconds&#10;Build info: version: &apos;3.3.1&apos;, revision: &apos;5234b325d5&apos;, time: &apos;2017-03-10 09:10:29 +0000&apos;&#10;System info: host: &apos;liana-pc&apos;, ip: &apos;127.0.1.1&apos;, os.name: &apos;Linux&apos;, os.arch: &apos;amd64&apos;, os.version: &apos;4.8.0-49-generic&apos;, java.version: &apos;1.8.0_121&apos;&#10;Driver info: org.openqa.selenium.opera.OperaDriver&#10;Capabilities [{message=unknown error: cannot find Opera binary&#10;  (Driver info: OperaDriver=2.27 (f61056e560d197467fd6d27c7fbd7fea572fe8bd),platform=Linux 4.8.0-49-generic x86_64), platform=ANY}]&#10;Session ID: df8495f8d5a5281fe3d2cefd9cb5ed7c" type="org.openqa.selenium.NoSuchSessionException">org.openqa.selenium.NoSuchSessionException: 
no such session
  (Driver info: OperaDriver=2.27 (f61056e560d197467fd6d27c7fbd7fea572fe8bd),platform=Linux 4.8.0-49-generic x86_64) (WARNING: The server did not provide any stacktrace information)
Command duration or timeout: 11 milliseconds
Build info: version: '3.3.1', revision: '5234b325d5', time: '2017-03-10 09:10:29 +0000'
System info: host: 'liana-pc', ip: '127.0.1.1', os.name: 'Linux', os.arch: 'amd64', os.version: '4.8.0-49-generic', java.version: '1.8.0_121'
Driver info: org.openqa.selenium.opera.OperaDriver
Capabilities [{message=unknown error: cannot find Opera binary
  (Driver info: OperaDriver=2.27 (f61056e560d197467fd6d27c7fbd7fea572fe8bd),platform=Linux 4.8.0-49-generic x86_64), platform=ANY}]
Session ID: df8495f8d5a5281fe3d2cefd9cb5ed7c
	at Test.FirstPage.FirstPageTest.finish(FirstPageTest.java:32)
</failure>
  </testcase>
  <testcase name="validateFieldCheckIsDone" classname="Test.LoginTest.LoginPageTest" time="0.011">
    <failure message="no such session&#10;  (Driver info: OperaDriver=2.27 (f61056e560d197467fd6d27c7fbd7fea572fe8bd),platform=Linux 4.8.0-49-generic x86_64) (WARNING: The server did not provide any stacktrace information)&#10;Command duration or timeout: 9 milliseconds&#10;Build info: version: &apos;3.3.1&apos;, revision: &apos;5234b325d5&apos;, time: &apos;2017-03-10 09:10:29 +0000&apos;&#10;System info: host: &apos;liana-pc&apos;, ip: &apos;127.0.1.1&apos;, os.name: &apos;Linux&apos;, os.arch: &apos;amd64&apos;, os.version: &apos;4.8.0-49-generic&apos;, java.version: &apos;1.8.0_121&apos;&#10;Driver info: org.openqa.selenium.opera.OperaDriver&#10;Capabilities [{message=unknown error: cannot find Opera binary&#10;  (Driver info: OperaDriver=2.27 (f61056e560d197467fd6d27c7fbd7fea572fe8bd),platform=Linux 4.8.0-49-generic x86_64), platform=ANY}]&#10;Session ID: df8495f8d5a5281fe3d2cefd9cb5ed7c&#10;*** Element info: {Using=xpath, value=//input[@name=&apos;email&apos;]}" type="org.openqa.selenium.NoSuchSessionException">org.openqa.selenium.NoSuchSessionException: 
no such session
  (Driver info: OperaDriver=2.27 (f61056e560d197467fd6d27c7fbd7fea572fe8bd),platform=Linux 4.8.0-49-generic x86_64) (WARNING: The server did not provide any stacktrace information)
Command duration or timeout: 9 milliseconds
Build info: version: '3.3.1', revision: '5234b325d5', time: '2017-03-10 09:10:29 +0000'
System info: host: 'liana-pc', ip: '127.0.1.1', os.name: 'Linux', os.arch: 'amd64', os.version: '4.8.0-49-generic', java.version: '1.8.0_121'
Driver info: org.openqa.selenium.opera.OperaDriver
Capabilities [{message=unknown error: cannot find Opera binary
  (Driver info: OperaDriver=2.27 (f61056e560d197467fd6d27c7fbd7fea572fe8bd),platform=Linux 4.8.0-49-generic x86_64), platform=ANY}]
Session ID: df8495f8d5a5281fe3d2cefd9cb5ed7c
*** Element info: {Using=xpath, value=//input[@name='email']}
	at Test.LoginTest.LoginPageTest.validateFieldCheckIsDone(LoginPageTest.java:29)
</failure>
  </testcase>
  <testcase name="validateFieldCheckIsDone" classname="Test.LoginTest.LoginPageTest" time="0.01">
    <failure message="no such session&#10;  (Driver info: OperaDriver=2.27 (f61056e560d197467fd6d27c7fbd7fea572fe8bd),platform=Linux 4.8.0-49-generic x86_64) (WARNING: The server did not provide any stacktrace information)&#10;Command duration or timeout: 9 milliseconds&#10;Build info: version: &apos;3.3.1&apos;, revision: &apos;5234b325d5&apos;, time: &apos;2017-03-10 09:10:29 +0000&apos;&#10;System info: host: &apos;liana-pc&apos;, ip: &apos;127.0.1.1&apos;, os.name: &apos;Linux&apos;, os.arch: &apos;amd64&apos;, os.version: &apos;4.8.0-49-generic&apos;, java.version: &apos;1.8.0_121&apos;&#10;Driver info: org.openqa.selenium.opera.OperaDriver&#10;Capabilities [{message=unknown error: cannot find Opera binary&#10;  (Driver info: OperaDriver=2.27 (f61056e560d197467fd6d27c7fbd7fea572fe8bd),platform=Linux 4.8.0-49-generic x86_64), platform=ANY}]&#10;Session ID: df8495f8d5a5281fe3d2cefd9cb5ed7c&#10;*** Element info: {Using=xpath, value=//input[@name=&apos;email&apos;]}" type="org.openqa.selenium.NoSuchSessionException">org.openqa.selenium.NoSuchSessionException: 
no such session
  (Driver info: OperaDriver=2.27 (f61056e560d197467fd6d27c7fbd7fea572fe8bd),platform=Linux 4.8.0-49-generic x86_64) (WARNING: The server did not provide any stacktrace information)
Command duration or timeout: 9 milliseconds
Build info: version: '3.3.1', revision: '5234b325d5', time: '2017-03-10 09:10:29 +0000'
System info: host: 'liana-pc', ip: '127.0.1.1', os.name: 'Linux', os.arch: 'amd64', os.version: '4.8.0-49-generic', java.version: '1.8.0_121'
Driver info: org.openqa.selenium.opera.OperaDriver
Capabilities [{message=unknown error: cannot find Opera binary
  (Driver info: OperaDriver=2.27 (f61056e560d197467fd6d27c7fbd7fea572fe8bd),platform=Linux 4.8.0-49-generic x86_64), platform=ANY}]
Session ID: df8495f8d5a5281fe3d2cefd9cb5ed7c
*** Element info: {Using=xpath, value=//input[@name='email']}
	at Test.LoginTest.LoginPageTest.validateFieldCheckIsDone(LoginPageTest.java:29)
</failure>
  </testcase>
  <testcase name="validateFieldCheckIsDone" classname="Test.LoginTest.LoginPageTest" time="0.009">
    <failure message="no such session&#10;  (Driver info: OperaDriver=2.27 (f61056e560d197467fd6d27c7fbd7fea572fe8bd),platform=Linux 4.8.0-49-generic x86_64) (WARNING: The server did not provide any stacktrace information)&#10;Command duration or timeout: 8 milliseconds&#10;Build info: version: &apos;3.3.1&apos;, revision: &apos;5234b325d5&apos;, time: &apos;2017-03-10 09:10:29 +0000&apos;&#10;System info: host: &apos;liana-pc&apos;, ip: &apos;127.0.1.1&apos;, os.name: &apos;Linux&apos;, os.arch: &apos;amd64&apos;, os.version: &apos;4.8.0-49-generic&apos;, java.version: &apos;1.8.0_121&apos;&#10;Driver info: org.openqa.selenium.opera.OperaDriver&#10;Capabilities [{message=unknown error: cannot find Opera binary&#10;  (Driver info: OperaDriver=2.27 (f61056e560d197467fd6d27c7fbd7fea572fe8bd),platform=Linux 4.8.0-49-generic x86_64), platform=ANY}]&#10;Session ID: df8495f8d5a5281fe3d2cefd9cb5ed7c&#10;*** Element info: {Using=xpath, value=//input[@name=&apos;email&apos;]}" type="org.openqa.selenium.NoSuchSessionException">org.openqa.selenium.NoSuchSessionException: 
no such session
  (Driver info: OperaDriver=2.27 (f61056e560d197467fd6d27c7fbd7fea572fe8bd),platform=Linux 4.8.0-49-generic x86_64) (WARNING: The server did not provide any stacktrace information)
Command duration or timeout: 8 milliseconds
Build info: version: '3.3.1', revision: '5234b325d5', time: '2017-03-10 09:10:29 +0000'
System info: host: 'liana-pc', ip: '127.0.1.1', os.name: 'Linux', os.arch: 'amd64', os.version: '4.8.0-49-generic', java.version: '1.8.0_121'
Driver info: org.openqa.selenium.opera.OperaDriver
Capabilities [{message=unknown error: cannot find Opera binary
  (Driver info: OperaDriver=2.27 (f61056e560d197467fd6d27c7fbd7fea572fe8bd),platform=Linux 4.8.0-49-generic x86_64), platform=ANY}]
Session ID: df8495f8d5a5281fe3d2cefd9cb5ed7c
*** Element info: {Using=xpath, value=//input[@name='email']}
	at Test.LoginTest.LoginPageTest.validateFieldCheckIsDone(LoginPageTest.java:29)
</failure>
  </testcase>
  <testcase name="validateFieldCheckIsDone" classname="Test.LoginTest.LoginPageTest" time="0.011">
    <failure message="no such session&#10;  (Driver info: OperaDriver=2.27 (f61056e560d197467fd6d27c7fbd7fea572fe8bd),platform=Linux 4.8.0-49-generic x86_64) (WARNING: The server did not provide any stacktrace information)&#10;Command duration or timeout: 8 milliseconds&#10;Build info: version: &apos;3.3.1&apos;, revision: &apos;5234b325d5&apos;, time: &apos;2017-03-10 09:10:29 +0000&apos;&#10;System info: host: &apos;liana-pc&apos;, ip: &apos;127.0.1.1&apos;, os.name: &apos;Linux&apos;, os.arch: &apos;amd64&apos;, os.version: &apos;4.8.0-49-generic&apos;, java.version: &apos;1.8.0_121&apos;&#10;Driver info: org.openqa.selenium.opera.OperaDriver&#10;Capabilities [{message=unknown error: cannot find Opera binary&#10;  (Driver info: OperaDriver=2.27 (f61056e560d197467fd6d27c7fbd7fea572fe8bd),platform=Linux 4.8.0-49-generic x86_64), platform=ANY}]&#10;Session ID: df8495f8d5a5281fe3d2cefd9cb5ed7c&#10;*** Element info: {Using=xpath, value=//input[@name=&apos;email&apos;]}" type="org.openqa.selenium.NoSuchSessionException">org.openqa.selenium.NoSuchSessionException: 
no such session
  (Driver info: OperaDriver=2.27 (f61056e560d197467fd6d27c7fbd7fea572fe8bd),platform=Linux 4.8.0-49-generic x86_64) (WARNING: The server did not provide any stacktrace information)
Command duration or timeout: 8 milliseconds
Build info: version: '3.3.1', revision: '5234b325d5', time: '2017-03-10 09:10:29 +0000'
System info: host: 'liana-pc', ip: '127.0.1.1', os.name: 'Linux', os.arch: 'amd64', os.version: '4.8.0-49-generic', java.version: '1.8.0_121'
Driver info: org.openqa.selenium.opera.OperaDriver
Capabilities [{message=unknown error: cannot find Opera binary
  (Driver info: OperaDriver=2.27 (f61056e560d197467fd6d27c7fbd7fea572fe8bd),platform=Linux 4.8.0-49-generic x86_64), platform=ANY}]
Session ID: df8495f8d5a5281fe3d2cefd9cb5ed7c
*** Element info: {Using=xpath, value=//input[@name='email']}
	at Test.LoginTest.LoginPageTest.validateFieldCheckIsDone(LoginPageTest.java:29)
</failure>
  </testcase>
  <testcase name="finish" classname="Test.LoginTest.LoginPageTest" time="0.019">
    <failure message="no such session&#10;  (Driver info: OperaDriver=2.27 (f61056e560d197467fd6d27c7fbd7fea572fe8bd),platform=Linux 4.8.0-49-generic x86_64) (WARNING: The server did not provide any stacktrace information)&#10;Command duration or timeout: 7 milliseconds&#10;Build info: version: &apos;3.3.1&apos;, revision: &apos;5234b325d5&apos;, time: &apos;2017-03-10 09:10:29 +0000&apos;&#10;System info: host: &apos;liana-pc&apos;, ip: &apos;127.0.1.1&apos;, os.name: &apos;Linux&apos;, os.arch: &apos;amd64&apos;, os.version: &apos;4.8.0-49-generic&apos;, java.version: &apos;1.8.0_121&apos;&#10;Driver info: org.openqa.selenium.opera.OperaDriver&#10;Capabilities [{message=unknown error: cannot find Opera binary&#10;  (Driver info: OperaDriver=2.27 (f61056e560d197467fd6d27c7fbd7fea572fe8bd),platform=Linux 4.8.0-49-generic x86_64), platform=ANY}]&#10;Session ID: df8495f8d5a5281fe3d2cefd9cb5ed7c" type="org.openqa.selenium.NoSuchSessionException">org.openqa.selenium.NoSuchSessionException: 
no such session
  (Driver info: OperaDriver=2.27 (f61056e560d197467fd6d27c7fbd7fea572fe8bd),platform=Linux 4.8.0-49-generic x86_64) (WARNING: The server did not provide any stacktrace information)
Command duration or timeout: 7 milliseconds
Build info: version: '3.3.1', revision: '5234b325d5', time: '2017-03-10 09:10:29 +0000'
System info: host: 'liana-pc', ip: '127.0.1.1', os.name: 'Linux', os.arch: 'amd64', os.version: '4.8.0-49-generic', java.version: '1.8.0_121'
Driver info: org.openqa.selenium.opera.OperaDriver
Capabilities [{message=unknown error: cannot find Opera binary
  (Driver info: OperaDriver=2.27 (f61056e560d197467fd6d27c7fbd7fea572fe8bd),platform=Linux 4.8.0-49-generic x86_64), platform=ANY}]
Session ID: df8495f8d5a5281fe3d2cefd9cb5ed7c
</failure>
  </testcase>
  <testcase name="finish" classname="Test.LoginTest.LoginPageTest" time="0.019">
    <failure message="no such session&#10;  (Driver info: OperaDriver=2.27 (f61056e560d197467fd6d27c7fbd7fea572fe8bd),platform=Linux 4.8.0-49-generic x86_64) (WARNING: The server did not provide any stacktrace information)&#10;Command duration or timeout: 8 milliseconds&#10;Build info: version: &apos;3.3.1&apos;, revision: &apos;5234b325d5&apos;, time: &apos;2017-03-10 09:10:29 +0000&apos;&#10;System info: host: &apos;liana-pc&apos;, ip: &apos;127.0.1.1&apos;, os.name: &apos;Linux&apos;, os.arch: &apos;amd64&apos;, os.version: &apos;4.8.0-49-generic&apos;, java.version: &apos;1.8.0_121&apos;&#10;Driver info: org.openqa.selenium.opera.OperaDriver&#10;Capabilities [{message=unknown error: cannot find Opera binary&#10;  (Driver info: OperaDriver=2.27 (f61056e560d197467fd6d27c7fbd7fea572fe8bd),platform=Linux 4.8.0-49-generic x86_64), platform=ANY}]&#10;Session ID: df8495f8d5a5281fe3d2cefd9cb5ed7c" type="org.openqa.selenium.NoSuchSessionException">org.openqa.selenium.NoSuchSessionException: 
no such session
  (Driver info: OperaDriver=2.27 (f61056e560d197467fd6d27c7fbd7fea572fe8bd),platform=Linux 4.8.0-49-generic x86_64) (WARNING: The server did not provide any stacktrace information)
Command duration or timeout: 8 milliseconds
Build info: version: '3.3.1', revision: '5234b325d5', time: '2017-03-10 09:10:29 +0000'
System info: host: 'liana-pc', ip: '127.0.1.1', os.name: 'Linux', os.arch: 'amd64', os.version: '4.8.0-49-generic', java.version: '1.8.0_121'
Driver info: org.openqa.selenium.opera.OperaDriver
Capabilities [{message=unknown error: cannot find Opera binary
  (Driver info: OperaDriver=2.27 (f61056e560d197467fd6d27c7fbd7fea572fe8bd),platform=Linux 4.8.0-49-generic x86_64), platform=ANY}]
Session ID: df8495f8d5a5281fe3d2cefd9cb5ed7c
</failure>
  </testcase>
  <testcase name="finish" classname="Test.LoginTest.LoginPageTest" time="0.018">
    <failure message="no such session&#10;  (Driver info: OperaDriver=2.27 (f61056e560d197467fd6d27c7fbd7fea572fe8bd),platform=Linux 4.8.0-49-generic x86_64) (WARNING: The server did not provide any stacktrace information)&#10;Command duration or timeout: 8 milliseconds&#10;Build info: version: &apos;3.3.1&apos;, revision: &apos;5234b325d5&apos;, time: &apos;2017-03-10 09:10:29 +0000&apos;&#10;System info: host: &apos;liana-pc&apos;, ip: &apos;127.0.1.1&apos;, os.name: &apos;Linux&apos;, os.arch: &apos;amd64&apos;, os.version: &apos;4.8.0-49-generic&apos;, java.version: &apos;1.8.0_121&apos;&#10;Driver info: org.openqa.selenium.opera.OperaDriver&#10;Capabilities [{message=unknown error: cannot find Opera binary&#10;  (Driver info: OperaDriver=2.27 (f61056e560d197467fd6d27c7fbd7fea572fe8bd),platform=Linux 4.8.0-49-generic x86_64), platform=ANY}]&#10;Session ID: df8495f8d5a5281fe3d2cefd9cb5ed7c" type="org.openqa.selenium.NoSuchSessionException">org.openqa.selenium.NoSuchSessionException: 
no such session
  (Driver info: OperaDriver=2.27 (f61056e560d197467fd6d27c7fbd7fea572fe8bd),platform=Linux 4.8.0-49-generic x86_64) (WARNING: The server did not provide any stacktrace information)
Command duration or timeout: 8 milliseconds
Build info: version: '3.3.1', revision: '5234b325d5', time: '2017-03-10 09:10:29 +0000'
System info: host: 'liana-pc', ip: '127.0.1.1', os.name: 'Linux', os.arch: 'amd64', os.version: '4.8.0-49-generic', java.version: '1.8.0_121'
Driver info: org.openqa.selenium.opera.OperaDriver
Capabilities [{message=unknown error: cannot find Opera binary
  (Driver info: OperaDriver=2.27 (f61056e560d197467fd6d27c7fbd7fea572fe8bd),platform=Linux 4.8.0-49-generic x86_64), platform=ANY}]
Session ID: df8495f8d5a5281fe3d2cefd9cb5ed7c
</failure>
  </testcase>
  <testcase name="finish" classname="Test.LoginTest.LoginPageTest" time="0.027">
    <failure message="no such session&#10;  (Driver info: OperaDriver=2.27 (f61056e560d197467fd6d27c7fbd7fea572fe8bd),platform=Linux 4.8.0-49-generic x86_64) (WARNING: The server did not provide any stacktrace information)&#10;Command duration or timeout: 14 milliseconds&#10;Build info: version: &apos;3.3.1&apos;, revision: &apos;5234b325d5&apos;, time: &apos;2017-03-10 09:10:29 +0000&apos;&#10;System info: host: &apos;liana-pc&apos;, ip: &apos;127.0.1.1&apos;, os.name: &apos;Linux&apos;, os.arch: &apos;amd64&apos;, os.version: &apos;4.8.0-49-generic&apos;, java.version: &apos;1.8.0_121&apos;&#10;Driver info: org.openqa.selenium.opera.OperaDriver&#10;Capabilities [{message=unknown error: cannot find Opera binary&#10;  (Driver info: OperaDriver=2.27 (f61056e560d197467fd6d27c7fbd7fea572fe8bd),platform=Linux 4.8.0-49-generic x86_64), platform=ANY}]&#10;Session ID: df8495f8d5a5281fe3d2cefd9cb5ed7c" type="org.openqa.selenium.NoSuchSessionException">org.openqa.selenium.NoSuchSessionException: 
no such session
  (Driver info: OperaDriver=2.27 (f61056e560d197467fd6d27c7fbd7fea572fe8bd),platform=Linux 4.8.0-49-generic x86_64) (WARNING: The server did not provide any stacktrace information)
Command duration or timeout: 14 milliseconds
Build info: version: '3.3.1', revision: '5234b325d5', time: '2017-03-10 09:10:29 +0000'
System info: host: 'liana-pc', ip: '127.0.1.1', os.name: 'Linux', os.arch: 'amd64', os.version: '4.8.0-49-generic', java.version: '1.8.0_121'
Driver info: org.openqa.selenium.opera.OperaDriver
Capabilities [{message=unknown error: cannot find Opera binary
  (Driver info: OperaDriver=2.27 (f61056e560d197467fd6d27c7fbd7fea572fe8bd),platform=Linux 4.8.0-49-generic x86_64), platform=ANY}]
Session ID: df8495f8d5a5281fe3d2cefd9cb5ed7c
</failure>
  </testcase>
  <testcase name="finish" classname="Test.LoginTest.LoginPageTest" time="0.034">
    <failure message="no such session&#10;  (Driver info: OperaDriver=2.27 (f61056e560d197467fd6d27c7fbd7fea572fe8bd),platform=Linux 4.8.0-49-generic x86_64) (WARNING: The server did not provide any stacktrace information)&#10;Command duration or timeout: 13 milliseconds&#10;Build info: version: &apos;3.3.1&apos;, revision: &apos;5234b325d5&apos;, time: &apos;2017-03-10 09:10:29 +0000&apos;&#10;System info: host: &apos;liana-pc&apos;, ip: &apos;127.0.1.1&apos;, os.name: &apos;Linux&apos;, os.arch: &apos;amd64&apos;, os.version: &apos;4.8.0-49-generic&apos;, java.version: &apos;1.8.0_121&apos;&#10;Driver info: org.openqa.selenium.opera.OperaDriver&#10;Capabilities [{message=unknown error: cannot find Opera binary&#10;  (Driver info: OperaDriver=2.27 (f61056e560d197467fd6d27c7fbd7fea572fe8bd),platform=Linux 4.8.0-49-generic x86_64), platform=ANY}]&#10;Session ID: df8495f8d5a5281fe3d2cefd9cb5ed7c" type="org.openqa.selenium.NoSuchSessionException">org.openqa.selenium.NoSuchSessionException: 
no such session
  (Driver info: OperaDriver=2.27 (f61056e560d197467fd6d27c7fbd7fea572fe8bd),platform=Linux 4.8.0-49-generic x86_64) (WARNING: The server did not provide any stacktrace information)
Command duration or timeout: 13 milliseconds
Build info: version: '3.3.1', revision: '5234b325d5', time: '2017-03-10 09:10:29 +0000'
System info: host: 'liana-pc', ip: '127.0.1.1', os.name: 'Linux', os.arch: 'amd64', os.version: '4.8.0-49-generic', java.version: '1.8.0_121'
Driver info: org.openqa.selenium.opera.OperaDriver
Capabilities [{message=unknown error: cannot find Opera binary
  (Driver info: OperaDriver=2.27 (f61056e560d197467fd6d27c7fbd7fea572fe8bd),platform=Linux 4.8.0-49-generic x86_64), platform=ANY}]
Session ID: df8495f8d5a5281fe3d2cefd9cb5ed7c
</failure>
  </testcase>
  <testcase name="validateLoginWorks" classname="Test.LoginTest.LoginPageTest" time="0.017">
    <failure message="no such session&#10;  (Driver info: OperaDriver=2.27 (f61056e560d197467fd6d27c7fbd7fea572fe8bd),platform=Linux 4.8.0-49-generic x86_64) (WARNING: The server did not provide any stacktrace information)&#10;Command duration or timeout: 14 milliseconds&#10;Build info: version: &apos;3.3.1&apos;, revision: &apos;5234b325d5&apos;, time: &apos;2017-03-10 09:10:29 +0000&apos;&#10;System info: host: &apos;liana-pc&apos;, ip: &apos;127.0.1.1&apos;, os.name: &apos;Linux&apos;, os.arch: &apos;amd64&apos;, os.version: &apos;4.8.0-49-generic&apos;, java.version: &apos;1.8.0_121&apos;&#10;Driver info: org.openqa.selenium.opera.OperaDriver&#10;Capabilities [{message=unknown error: cannot find Opera binary&#10;  (Driver info: OperaDriver=2.27 (f61056e560d197467fd6d27c7fbd7fea572fe8bd),platform=Linux 4.8.0-49-generic x86_64), platform=ANY}]&#10;Session ID: df8495f8d5a5281fe3d2cefd9cb5ed7c&#10;*** Element info: {Using=xpath, value=//input[@name=&apos;email&apos;]}" type="org.openqa.selenium.NoSuchSessionException">org.openqa.selenium.NoSuchSessionException: 
no such session
  (Driver info: OperaDriver=2.27 (f61056e560d197467fd6d27c7fbd7fea572fe8bd),platform=Linux 4.8.0-49-generic x86_64) (WARNING: The server did not provide any stacktrace information)
Command duration or timeout: 14 milliseconds
Build info: version: '3.3.1', revision: '5234b325d5', time: '2017-03-10 09:10:29 +0000'
System info: host: 'liana-pc', ip: '127.0.1.1', os.name: 'Linux', os.arch: 'amd64', os.version: '4.8.0-49-generic', java.version: '1.8.0_121'
Driver info: org.openqa.selenium.opera.OperaDriver
Capabilities [{message=unknown error: cannot find Opera binary
  (Driver info: OperaDriver=2.27 (f61056e560d197467fd6d27c7fbd7fea572fe8bd),platform=Linux 4.8.0-49-generic x86_64), platform=ANY}]
Session ID: df8495f8d5a5281fe3d2cefd9cb5ed7c
*** Element info: {Using=xpath, value=//input[@name='email']}
	at Test.LoginTest.LoginPageTest.validateLoginWorks(LoginPageTest.java:24)
</failure>
  </testcase>
</testsuite>