<?xml version="1.0" encoding="UTF-8"?>
<testng-results skipped="0" failed="0" ignored="0" total="7" passed="7">
  <reporter-output>
  </reporter-output>
  <suite name="QE ACA First Suite" duration-ms="25047" started-at="2017-05-05T18:07:29Z" finished-at="2017-05-05T18:07:54Z">
    <groups>
    </groups>
    <test name="Test" duration-ms="4737" started-at="2017-05-05T18:07:29Z" finished-at="2017-05-05T18:07:33Z">
      <class name="Test.FirstPage.FirstPageTest">
        <test-method status="PASS" signature="beforeMethod()[pri:0, instance:Test.FirstPage.FirstPageTest@5315b42e]" name="beforeMethod" is-config="true" duration-ms="4485" started-at="2017-05-05T22:07:29Z" finished-at="2017-05-05T22:07:33Z">
          <reporter-output>
          </reporter-output>
        </test-method> <!-- beforeMethod -->
        <test-method status="PASS" signature="checkTitle()[pri:0, instance:Test.FirstPage.FirstPageTest@5315b42e]" name="checkTitle" duration-ms="18" started-at="2017-05-05T22:07:33Z" finished-at="2017-05-05T22:07:33Z">
          <reporter-output>
          </reporter-output>
        </test-method> <!-- checkTitle -->
        <test-method status="PASS" signature="cleanUp()[pri:0, instance:Test.FirstPage.FirstPageTest@5315b42e]" name="cleanUp" is-config="true" duration-ms="8" started-at="2017-05-05T22:07:33Z" finished-at="2017-05-05T22:07:33Z">
          <reporter-output>
          </reporter-output>
        </test-method> <!-- cleanUp -->
        <test-method status="PASS" signature="validateCorrectPage()[pri:0, instance:Test.FirstPage.FirstPageTest@5315b42e]" name="validateCorrectPage" duration-ms="76" started-at="2017-05-05T22:07:33Z" finished-at="2017-05-05T22:07:33Z">
          <reporter-output>
          </reporter-output>
        </test-method> <!-- validateCorrectPage -->
        <test-method status="PASS" signature="beforeMethod()[pri:0, instance:Test.FirstPage.FirstPageTest@5315b42e]" name="beforeMethod" is-config="true" duration-ms="0" started-at="2017-05-05T22:07:33Z" finished-at="2017-05-05T22:07:33Z">
          <reporter-output>
          </reporter-output>
        </test-method> <!-- beforeMethod -->
        <test-method status="PASS" signature="cleanUp()[pri:0, instance:Test.FirstPage.FirstPageTest@5315b42e]" name="cleanUp" is-config="true" duration-ms="5" started-at="2017-05-05T22:07:33Z" finished-at="2017-05-05T22:07:33Z">
          <reporter-output>
          </reporter-output>
        </test-method> <!-- cleanUp -->
        <test-method status="PASS" signature="finish()[pri:0, instance:Test.FirstPage.FirstPageTest@5315b42e]" name="finish" is-config="true" duration-ms="118" started-at="2017-05-05T22:07:33Z" finished-at="2017-05-05T22:07:33Z">
          <reporter-output>
          </reporter-output>
        </test-method> <!-- finish -->
      </class> <!-- Test.FirstPage.FirstPageTest -->
    </test> <!-- Test -->
    <test name="Test4" duration-ms="20250" started-at="2017-05-05T18:07:33Z" finished-at="2017-05-05T18:07:54Z">
      <class name="Test.LoginTest.LoginPageTest">
        <test-method status="PASS" signature="prepare()[pri:0, instance:Test.LoginTest.LoginPageTest@3cbbc1e0]" name="prepare" is-config="true" duration-ms="0" started-at="2017-05-05T22:07:33Z" finished-at="2017-05-05T22:07:33Z">
          <reporter-output>
          </reporter-output>
        </test-method> <!-- prepare -->
        <test-method status="PASS" signature="start()[pri:0, instance:Test.LoginTest.LoginPageTest@3cbbc1e0]" name="start" is-config="true" duration-ms="2514" started-at="2017-05-05T22:07:33Z" finished-at="2017-05-05T22:07:36Z">
          <reporter-output>
          </reporter-output>
        </test-method> <!-- start -->
        <test-method status="PASS" signature="validateFieldCheckIsDone(Pages.Login.User)[pri:0, instance:Test.LoginTest.LoginPageTest@3cbbc1e0]" name="validateFieldCheckIsDone" duration-ms="1496" started-at="2017-05-05T22:07:36Z" data-provider="NTData" finished-at="2017-05-05T22:07:37Z">
          <params>
            <param index="0">
              <value>
                <![CDATA[Pages.Login.User@1c5920df]]>
              </value>
            </param>
          </params>
          <reporter-output>
          </reporter-output>
        </test-method> <!-- validateFieldCheckIsDone -->
        <test-method status="PASS" signature="finish()[pri:0, instance:Test.LoginTest.LoginPageTest@3cbbc1e0]" name="finish" is-config="true" duration-ms="101" started-at="2017-05-05T22:07:37Z" finished-at="2017-05-05T22:07:37Z">
          <reporter-output>
          </reporter-output>
        </test-method> <!-- finish -->
        <test-method status="PASS" signature="start()[pri:0, instance:Test.LoginTest.LoginPageTest@3cbbc1e0]" name="start" is-config="true" duration-ms="2426" started-at="2017-05-05T22:07:37Z" finished-at="2017-05-05T22:07:40Z">
          <reporter-output>
          </reporter-output>
        </test-method> <!-- start -->
        <test-method status="PASS" signature="validateFieldCheckIsDone(Pages.Login.User)[pri:0, instance:Test.LoginTest.LoginPageTest@3cbbc1e0]" name="validateFieldCheckIsDone" duration-ms="1422" started-at="2017-05-05T22:07:40Z" data-provider="NTData" finished-at="2017-05-05T22:07:41Z">
          <params>
            <param index="0">
              <value>
                <![CDATA[Test.LoginTest.LoginPageData$2@17f9d882]]>
              </value>
            </param>
          </params>
          <reporter-output>
          </reporter-output>
        </test-method> <!-- validateFieldCheckIsDone -->
        <test-method status="PASS" signature="finish()[pri:0, instance:Test.LoginTest.LoginPageTest@3cbbc1e0]" name="finish" is-config="true" duration-ms="140" started-at="2017-05-05T22:07:41Z" finished-at="2017-05-05T22:07:41Z">
          <reporter-output>
          </reporter-output>
        </test-method> <!-- finish -->
        <test-method status="PASS" signature="start()[pri:0, instance:Test.LoginTest.LoginPageTest@3cbbc1e0]" name="start" is-config="true" duration-ms="2145" started-at="2017-05-05T22:07:41Z" finished-at="2017-05-05T22:07:44Z">
          <reporter-output>
          </reporter-output>
        </test-method> <!-- start -->
        <test-method status="PASS" signature="validateFieldCheckIsDone(Pages.Login.User)[pri:0, instance:Test.LoginTest.LoginPageTest@3cbbc1e0]" name="validateFieldCheckIsDone" duration-ms="1648" started-at="2017-05-05T22:07:44Z" data-provider="NTData" finished-at="2017-05-05T22:07:45Z">
          <params>
            <param index="0">
              <value>
                <![CDATA[Test.LoginTest.LoginPageData$3@79e4c792]]>
              </value>
            </param>
          </params>
          <reporter-output>
          </reporter-output>
        </test-method> <!-- validateFieldCheckIsDone -->
        <test-method status="PASS" signature="finish()[pri:0, instance:Test.LoginTest.LoginPageTest@3cbbc1e0]" name="finish" is-config="true" duration-ms="90" started-at="2017-05-05T22:07:45Z" finished-at="2017-05-05T22:07:45Z">
          <reporter-output>
          </reporter-output>
        </test-method> <!-- finish -->
        <test-method status="PASS" signature="start()[pri:0, instance:Test.LoginTest.LoginPageTest@3cbbc1e0]" name="start" is-config="true" duration-ms="2140" started-at="2017-05-05T22:07:45Z" finished-at="2017-05-05T22:07:47Z">
          <reporter-output>
          </reporter-output>
        </test-method> <!-- start -->
        <test-method status="PASS" signature="validateFieldCheckIsDone(Pages.Login.User)[pri:0, instance:Test.LoginTest.LoginPageTest@3cbbc1e0]" name="validateFieldCheckIsDone" duration-ms="1549" started-at="2017-05-05T22:07:47Z" data-provider="NTData" finished-at="2017-05-05T22:07:49Z">
          <params>
            <param index="0">
              <value>
                <![CDATA[Test.LoginTest.LoginPageData$4@196a42c3]]>
              </value>
            </param>
          </params>
          <reporter-output>
          </reporter-output>
        </test-method> <!-- validateFieldCheckIsDone -->
        <test-method status="PASS" signature="finish()[pri:0, instance:Test.LoginTest.LoginPageTest@3cbbc1e0]" name="finish" is-config="true" duration-ms="93" started-at="2017-05-05T22:07:49Z" finished-at="2017-05-05T22:07:49Z">
          <reporter-output>
          </reporter-output>
        </test-method> <!-- finish -->
        <test-method status="PASS" signature="start()[pri:0, instance:Test.LoginTest.LoginPageTest@3cbbc1e0]" name="start" is-config="true" duration-ms="2172" started-at="2017-05-05T22:07:49Z" finished-at="2017-05-05T22:07:51Z">
          <reporter-output>
          </reporter-output>
        </test-method> <!-- start -->
        <test-method status="PASS" signature="validateLoginWorks(Pages.Login.User)[pri:0, instance:Test.LoginTest.LoginPageTest@3cbbc1e0]" name="validateLoginWorks" duration-ms="2189" started-at="2017-05-05T22:07:51Z" data-provider="PTData" finished-at="2017-05-05T22:07:53Z">
          <params>
            <param index="0">
              <value>
                <![CDATA[Test.LoginTest.LoginPageData$1@4c60d6e9]]>
              </value>
            </param>
          </params>
          <reporter-output>
          </reporter-output>
        </test-method> <!-- validateLoginWorks -->
        <test-method status="PASS" signature="finish()[pri:0, instance:Test.LoginTest.LoginPageTest@3cbbc1e0]" name="finish" is-config="true" duration-ms="100" started-at="2017-05-05T22:07:53Z" finished-at="2017-05-05T22:07:54Z">
          <reporter-output>
          </reporter-output>
        </test-method> <!-- finish -->
      </class> <!-- Test.LoginTest.LoginPageTest -->
    </test> <!-- Test4 -->
  </suite> <!-- QE ACA First Suite -->
</testng-results>
