<?xml version="1.0" encoding="UTF-8"?>
<testng-results skipped="0" failed="0" ignored="0" total="5" passed="5">
  <reporter-output>
  </reporter-output>
  <suite name="QE ACA First Suite" duration-ms="39744" started-at="2017-04-30T19:24:29Z" finished-at="2017-04-30T19:25:08Z">
    <groups>
    </groups>
    <test name="Test" duration-ms="4" started-at="2017-04-30T19:24:29Z" finished-at="2017-04-30T19:24:29Z">
    </test> <!-- Test -->
    <test name="Test2" duration-ms="0" started-at="2017-04-30T19:24:29Z" finished-at="2017-04-30T19:24:29Z">
    </test> <!-- Test2 -->
    <test name="Test3" duration-ms="39676" started-at="2017-04-30T19:24:29Z" finished-at="2017-04-30T19:25:08Z">
      <class name="Test.LoginTest.LoginPageTest">
        <test-method status="PASS" signature="start()[pri:0, instance:Test.LoginTest.LoginPageTest@2d3fcdbd]" name="start" is-config="true" duration-ms="6270" started-at="2017-04-30T23:24:29Z" finished-at="2017-04-30T23:24:35Z">
          <reporter-output>
          </reporter-output>
        </test-method> <!-- start -->
        <test-method status="PASS" signature="validateFieldCheckIsDone(Pages.Login.User)[pri:0, instance:Test.LoginTest.LoginPageTest@2d3fcdbd]" name="validateFieldCheckIsDone" duration-ms="1959" started-at="2017-04-30T23:24:35Z" data-provider="NTData" finished-at="2017-04-30T23:24:37Z">
          <params>
            <param index="0">
              <value>
                <![CDATA[Pages.Login.User@3e27ba32]]>
              </value>
            </param>
          </params>
          <reporter-output>
          </reporter-output>
        </test-method> <!-- validateFieldCheckIsDone -->
        <test-method status="PASS" signature="finish()[pri:0, instance:Test.LoginTest.LoginPageTest@2d3fcdbd]" name="finish" is-config="true" duration-ms="198" started-at="2017-04-30T23:24:37Z" finished-at="2017-04-30T23:24:37Z">
          <reporter-output>
          </reporter-output>
        </test-method> <!-- finish -->
        <test-method status="PASS" signature="start()[pri:0, instance:Test.LoginTest.LoginPageTest@2d3fcdbd]" name="start" is-config="true" duration-ms="6169" started-at="2017-04-30T23:24:37Z" finished-at="2017-04-30T23:24:43Z">
          <reporter-output>
          </reporter-output>
        </test-method> <!-- start -->
        <test-method status="PASS" signature="validateFieldCheckIsDone(Pages.Login.User)[pri:0, instance:Test.LoginTest.LoginPageTest@2d3fcdbd]" name="validateFieldCheckIsDone" duration-ms="1882" started-at="2017-04-30T23:24:43Z" data-provider="NTData" finished-at="2017-04-30T23:24:45Z">
          <params>
            <param index="0">
              <value>
                <![CDATA[Test.LoginTest.LoginPageData$2@7ef82753]]>
              </value>
            </param>
          </params>
          <reporter-output>
          </reporter-output>
        </test-method> <!-- validateFieldCheckIsDone -->
        <test-method status="PASS" signature="finish()[pri:0, instance:Test.LoginTest.LoginPageTest@2d3fcdbd]" name="finish" is-config="true" duration-ms="116" started-at="2017-04-30T23:24:45Z" finished-at="2017-04-30T23:24:45Z">
          <reporter-output>
          </reporter-output>
        </test-method> <!-- finish -->
        <test-method status="PASS" signature="start()[pri:0, instance:Test.LoginTest.LoginPageTest@2d3fcdbd]" name="start" is-config="true" duration-ms="5222" started-at="2017-04-30T23:24:45Z" finished-at="2017-04-30T23:24:50Z">
          <reporter-output>
          </reporter-output>
        </test-method> <!-- start -->
        <test-method status="PASS" signature="validateFieldCheckIsDone(Pages.Login.User)[pri:0, instance:Test.LoginTest.LoginPageTest@2d3fcdbd]" name="validateFieldCheckIsDone" duration-ms="1946" started-at="2017-04-30T23:24:50Z" data-provider="NTData" finished-at="2017-04-30T23:24:52Z">
          <params>
            <param index="0">
              <value>
                <![CDATA[Test.LoginTest.LoginPageData$3@3b0fe47a]]>
              </value>
            </param>
          </params>
          <reporter-output>
          </reporter-output>
        </test-method> <!-- validateFieldCheckIsDone -->
        <test-method status="PASS" signature="finish()[pri:0, instance:Test.LoginTest.LoginPageTest@2d3fcdbd]" name="finish" is-config="true" duration-ms="108" started-at="2017-04-30T23:24:52Z" finished-at="2017-04-30T23:24:52Z">
          <reporter-output>
          </reporter-output>
        </test-method> <!-- finish -->
        <test-method status="PASS" signature="start()[pri:0, instance:Test.LoginTest.LoginPageTest@2d3fcdbd]" name="start" is-config="true" duration-ms="5280" started-at="2017-04-30T23:24:52Z" finished-at="2017-04-30T23:24:58Z">
          <reporter-output>
          </reporter-output>
        </test-method> <!-- start -->
        <test-method status="PASS" signature="validateFieldCheckIsDone(Pages.Login.User)[pri:0, instance:Test.LoginTest.LoginPageTest@2d3fcdbd]" name="validateFieldCheckIsDone" duration-ms="1854" started-at="2017-04-30T23:24:58Z" data-provider="NTData" finished-at="2017-04-30T23:25:00Z">
          <params>
            <param index="0">
              <value>
                <![CDATA[Test.LoginTest.LoginPageData$4@202b0582]]>
              </value>
            </param>
          </params>
          <reporter-output>
          </reporter-output>
        </test-method> <!-- validateFieldCheckIsDone -->
        <test-method status="PASS" signature="finish()[pri:0, instance:Test.LoginTest.LoginPageTest@2d3fcdbd]" name="finish" is-config="true" duration-ms="292" started-at="2017-04-30T23:25:00Z" finished-at="2017-04-30T23:25:00Z">
          <reporter-output>
          </reporter-output>
        </test-method> <!-- finish -->
        <test-method status="PASS" signature="start()[pri:0, instance:Test.LoginTest.LoginPageTest@2d3fcdbd]" name="start" is-config="true" duration-ms="5519" started-at="2017-04-30T23:25:00Z" finished-at="2017-04-30T23:25:05Z">
          <reporter-output>
          </reporter-output>
        </test-method> <!-- start -->
        <test-method status="PASS" signature="validateLoginWorks(Pages.Login.User)[pri:0, instance:Test.LoginTest.LoginPageTest@2d3fcdbd]" name="validateLoginWorks" duration-ms="2634" started-at="2017-04-30T23:25:05Z" data-provider="PTData" finished-at="2017-04-30T23:25:08Z">
          <params>
            <param index="0">
              <value>
                <![CDATA[Test.LoginTest.LoginPageData$1@235ecd9f]]>
              </value>
            </param>
          </params>
          <reporter-output>
          </reporter-output>
        </test-method> <!-- validateLoginWorks -->
        <test-method status="PASS" signature="finish()[pri:0, instance:Test.LoginTest.LoginPageTest@2d3fcdbd]" name="finish" is-config="true" duration-ms="184" started-at="2017-04-30T23:25:08Z" finished-at="2017-04-30T23:25:08Z">
          <reporter-output>
          </reporter-output>
        </test-method> <!-- finish -->
      </class> <!-- Test.LoginTest.LoginPageTest -->
    </test> <!-- Test3 -->
  </suite> <!-- QE ACA First Suite -->
</testng-results>
